Determining if the pthread_create exist failed with the following output:
Change Dir: /home/karan-modh/Desktop/Desktop_Items/BTP-4thSem/Btp4thSem/mario/build/CMakeFiles/CMakeTmp

Run Build Command:"/usr/bin/make" "cmTC_e7a56/fast"
make[1]: Entering directory '/home/karan-modh/Desktop/Desktop_Items/BTP-4thSem/Btp4thSem/mario/build/CMakeFiles/CMakeTmp'
/usr/bin/make -f CMakeFiles/cmTC_e7a56.dir/build.make CMakeFiles/cmTC_e7a56.dir/build
make[2]: Entering directory '/home/karan-modh/Desktop/Desktop_Items/BTP-4thSem/Btp4thSem/mario/build/CMakeFiles/CMakeTmp'
Building C object CMakeFiles/cmTC_e7a56.dir/CheckSymbolExists.c.o
/usr/bin/cc    -o CMakeFiles/cmTC_e7a56.dir/CheckSymbolExists.c.o   -c /home/karan-modh/Desktop/Desktop_Items/BTP-4thSem/Btp4thSem/mario/build/CMakeFiles/CMakeTmp/CheckSymbolExists.c
Linking C executable cmTC_e7a56
/usr/bin/cmake -E cmake_link_script CMakeFiles/cmTC_e7a56.dir/link.txt --verbose=1
/usr/bin/cc      -rdynamic CMakeFiles/cmTC_e7a56.dir/CheckSymbolExists.c.o  -o cmTC_e7a56 
CMakeFiles/cmTC_e7a56.dir/CheckSymbolExists.c.o: In function `main':
CheckSymbolExists.c:(.text+0x1b): undefined reference to `pthread_create'
collect2: error: ld returned 1 exit status
CMakeFiles/cmTC_e7a56.dir/build.make:97: recipe for target 'cmTC_e7a56' failed
make[2]: *** [cmTC_e7a56] Error 1
make[2]: Leaving directory '/home/karan-modh/Desktop/Desktop_Items/BTP-4thSem/Btp4thSem/mario/build/CMakeFiles/CMakeTmp'
Makefile:126: recipe for target 'cmTC_e7a56/fast' failed
make[1]: *** [cmTC_e7a56/fast] Error 2
make[1]: Leaving directory '/home/karan-modh/Desktop/Desktop_Items/BTP-4thSem/Btp4thSem/mario/build/CMakeFiles/CMakeTmp'

File /home/karan-modh/Desktop/Desktop_Items/BTP-4thSem/Btp4thSem/mario/build/CMakeFiles/CMakeTmp/CheckSymbolExists.c:
/* */
#include <pthread.h>

int main(int argc, char** argv)
{
  (void)argv;
#ifndef pthread_create
  return ((int*)(&pthread_create))[argc];
#else
  (void)argc;
  return 0;
#endif
}

Determining if the function pthread_create exists in the pthreads failed with the following output:
Change Dir: /home/karan-modh/Desktop/Desktop_Items/BTP-4thSem/Btp4thSem/mario/build/CMakeFiles/CMakeTmp

Run Build Command:"/usr/bin/make" "cmTC_3203b/fast"
make[1]: Entering directory '/home/karan-modh/Desktop/Desktop_Items/BTP-4thSem/Btp4thSem/mario/build/CMakeFiles/CMakeTmp'
/usr/bin/make -f CMakeFiles/cmTC_3203b.dir/build.make CMakeFiles/cmTC_3203b.dir/build
make[2]: Entering directory '/home/karan-modh/Desktop/Desktop_Items/BTP-4thSem/Btp4thSem/mario/build/CMakeFiles/CMakeTmp'
Building C object CMakeFiles/cmTC_3203b.dir/CheckFunctionExists.c.o
/usr/bin/cc   -DCHECK_FUNCTION_EXISTS=pthread_create   -o CMakeFiles/cmTC_3203b.dir/CheckFunctionExists.c.o   -c /usr/share/cmake-3.10/Modules/CheckFunctionExists.c
Linking C executable cmTC_3203b
/usr/bin/cmake -E cmake_link_script CMakeFiles/cmTC_3203b.dir/link.txt --verbose=1
/usr/bin/cc  -DCHECK_FUNCTION_EXISTS=pthread_create    -rdynamic CMakeFiles/cmTC_3203b.dir/CheckFunctionExists.c.o  -o cmTC_3203b -lpthreads 
/usr/bin/ld: cannot find -lpthreads
collect2: error: ld returned 1 exit status
CMakeFiles/cmTC_3203b.dir/build.make:97: recipe for target 'cmTC_3203b' failed
make[2]: *** [cmTC_3203b] Error 1
make[2]: Leaving directory '/home/karan-modh/Desktop/Desktop_Items/BTP-4thSem/Btp4thSem/mario/build/CMakeFiles/CMakeTmp'
Makefile:126: recipe for target 'cmTC_3203b/fast' failed
make[1]: *** [cmTC_3203b/fast] Error 2
make[1]: Leaving directory '/home/karan-modh/Desktop/Desktop_Items/BTP-4thSem/Btp4thSem/mario/build/CMakeFiles/CMakeTmp'


